Using downloaded and verified file: data/MNIST/raw/train-images-idx3-ubyte.gz
Extracting data/MNIST/raw/train-images-idx3-ubyte.gz to data/MNIST/raw
Using downloaded and verified file: data/MNIST/raw/train-labels-idx1-ubyte.gz
Extracting data/MNIST/raw/train-labels-idx1-ubyte.gz to data/MNIST/raw
Using downloaded and verified file: data/MNIST/raw/t10k-images-idx3-ubyte.gz
Extracting data/MNIST/raw/t10k-images-idx3-ubyte.gz to data/MNIST/raw
Using downloaded and verified file: data/MNIST/raw/t10k-labels-idx1-ubyte.gz
Extracting data/MNIST/raw/t10k-labels-idx1-ubyte.gz to data/MNIST/raw
Processing...
Done!
Train Epoch: 1 [0/60000 (0%)]	Loss: 2.337391
Train Epoch: 1 [2500/60000 (4%)]	Loss: 1.490819
Train Epoch: 1 [5000/60000 (8%)]	Loss: 0.667239
Train Epoch: 1 [7500/60000 (12%)]	Loss: 0.356225
Train Epoch: 1 [10000/60000 (17%)]	Loss: 0.341869
Train Epoch: 1 [12500/60000 (21%)]	Loss: 0.393358
Train Epoch: 1 [15000/60000 (25%)]	Loss: 0.259062
Train Epoch: 1 [17500/60000 (29%)]	Loss: 0.376798
Train Epoch: 1 [20000/60000 (33%)]	Loss: 0.234890
Train Epoch: 1 [22500/60000 (38%)]	Loss: 0.167475
Train Epoch: 1 [25000/60000 (42%)]	Loss: 0.187141
Train Epoch: 1 [27500/60000 (46%)]	Loss: 0.158320
Train Epoch: 1 [30000/60000 (50%)]	Loss: 0.169734
Train Epoch: 1 [32500/60000 (54%)]	Loss: 0.156296
Train Epoch: 1 [35000/60000 (58%)]	Loss: 0.137266
Train Epoch: 1 [37500/60000 (62%)]	Loss: 0.152428
Train Epoch: 1 [40000/60000 (67%)]	Loss: 0.074757
Train Epoch: 1 [42500/60000 (71%)]	Loss: 0.081283
Train Epoch: 1 [45000/60000 (75%)]	Loss: 0.121579
Train Epoch: 1 [47500/60000 (79%)]	Loss: 0.101904
Train Epoch: 1 [50000/60000 (83%)]	Loss: 0.130367
Train Epoch: 1 [52500/60000 (88%)]	Loss: 0.087966
Train Epoch: 1 [55000/60000 (92%)]	Loss: 0.089569
Train Epoch: 1 [57500/60000 (96%)]	Loss: 0.111131

Test set: Average loss: 0.0496, Accuracy: 9843/10000 (98%)

Train Epoch: 2 [0/60000 (0%)]	Loss: 0.067586
Train Epoch: 2 [2500/60000 (4%)]	Loss: 0.081423
Train Epoch: 2 [5000/60000 (8%)]	Loss: 0.058651
Train Epoch: 2 [7500/60000 (12%)]	Loss: 0.130561
Train Epoch: 2 [10000/60000 (17%)]	Loss: 0.076249
Train Epoch: 2 [12500/60000 (21%)]	Loss: 0.138690
Train Epoch: 2 [15000/60000 (25%)]	Loss: 0.107349
Train Epoch: 2 [17500/60000 (29%)]	Loss: 0.061785
Train Epoch: 2 [20000/60000 (33%)]	Loss: 0.034987
Train Epoch: 2 [22500/60000 (38%)]	Loss: 0.048763
Train Epoch: 2 [25000/60000 (42%)]	Loss: 0.058157
Train Epoch: 2 [27500/60000 (46%)]	Loss: 0.069818
Train Epoch: 2 [30000/60000 (50%)]	Loss: 0.100747
Train Epoch: 2 [32500/60000 (54%)]	Loss: 0.082990
Train Epoch: 2 [35000/60000 (58%)]	Loss: 0.040484
Train Epoch: 2 [37500/60000 (62%)]	Loss: 0.047946
Train Epoch: 2 [40000/60000 (67%)]	Loss: 0.070290
Train Epoch: 2 [42500/60000 (71%)]	Loss: 0.043185
Train Epoch: 2 [45000/60000 (75%)]	Loss: 0.078852
Train Epoch: 2 [47500/60000 (79%)]	Loss: 0.046222
Train Epoch: 2 [50000/60000 (83%)]	Loss: 0.076477
Train Epoch: 2 [52500/60000 (88%)]	Loss: 0.060571
Train Epoch: 2 [55000/60000 (92%)]	Loss: 0.058020
Train Epoch: 2 [57500/60000 (96%)]	Loss: 0.074775

Test set: Average loss: 0.0402, Accuracy: 9867/10000 (99%)

Train Epoch: 3 [0/60000 (0%)]	Loss: 0.048811
Train Epoch: 3 [2500/60000 (4%)]	Loss: 0.057334
Train Epoch: 3 [5000/60000 (8%)]	Loss: 0.056383
Train Epoch: 3 [7500/60000 (12%)]	Loss: 0.051878
Train Epoch: 3 [10000/60000 (17%)]	Loss: 0.072426
Train Epoch: 3 [12500/60000 (21%)]	Loss: 0.055217
Train Epoch: 3 [15000/60000 (25%)]	Loss: 0.033766
Train Epoch: 3 [17500/60000 (29%)]	Loss: 0.065468
Train Epoch: 3 [20000/60000 (33%)]	Loss: 0.084861
Train Epoch: 3 [22500/60000 (38%)]	Loss: 0.032526
Train Epoch: 3 [25000/60000 (42%)]	Loss: 0.042028
Train Epoch: 3 [27500/60000 (46%)]	Loss: 0.028408
Train Epoch: 3 [30000/60000 (50%)]	Loss: 0.074699
Train Epoch: 3 [32500/60000 (54%)]	Loss: 0.140707
Train Epoch: 3 [35000/60000 (58%)]	Loss: 0.084951
Train Epoch: 3 [37500/60000 (62%)]	Loss: 0.043581
Train Epoch: 3 [40000/60000 (67%)]	Loss: 0.066078
Train Epoch: 3 [42500/60000 (71%)]	Loss: 0.033072
Train Epoch: 3 [45000/60000 (75%)]	Loss: 0.035550
Train Epoch: 3 [47500/60000 (79%)]	Loss: 0.041665
Train Epoch: 3 [50000/60000 (83%)]	Loss: 0.021921
Train Epoch: 3 [52500/60000 (88%)]	Loss: 0.048167
Train Epoch: 3 [55000/60000 (92%)]	Loss: 0.058683
Train Epoch: 3 [57500/60000 (96%)]	Loss: 0.035707

Test set: Average loss: 0.0314, Accuracy: 9887/10000 (99%)

Train Epoch: 4 [0/60000 (0%)]	Loss: 0.091451
Train Epoch: 4 [2500/60000 (4%)]	Loss: 0.047999
Train Epoch: 4 [5000/60000 (8%)]	Loss: 0.022042
Train Epoch: 4 [7500/60000 (12%)]	Loss: 0.044167
Train Epoch: 4 [10000/60000 (17%)]	Loss: 0.053940
Train Epoch: 4 [12500/60000 (21%)]	Loss: 0.018845
Train Epoch: 4 [15000/60000 (25%)]	Loss: 0.077194
Train Epoch: 4 [17500/60000 (29%)]	Loss: 0.088207
Train Epoch: 4 [20000/60000 (33%)]	Loss: 0.069101
Train Epoch: 4 [22500/60000 (38%)]	Loss: 0.050786
Train Epoch: 4 [25000/60000 (42%)]	Loss: 0.019165
Train Epoch: 4 [27500/60000 (46%)]	Loss: 0.017895
Train Epoch: 4 [30000/60000 (50%)]	Loss: 0.056310
Train Epoch: 4 [32500/60000 (54%)]	Loss: 0.061624
Train Epoch: 4 [35000/60000 (58%)]	Loss: 0.088749
Train Epoch: 4 [37500/60000 (62%)]	Loss: 0.025489
Train Epoch: 4 [40000/60000 (67%)]	Loss: 0.024849
Train Epoch: 4 [42500/60000 (71%)]	Loss: 0.070911
Train Epoch: 4 [45000/60000 (75%)]	Loss: 0.023106
Train Epoch: 4 [47500/60000 (79%)]	Loss: 0.074422
Train Epoch: 4 [50000/60000 (83%)]	Loss: 0.046843
Train Epoch: 4 [52500/60000 (88%)]	Loss: 0.083929
Train Epoch: 4 [55000/60000 (92%)]	Loss: 0.029512
Train Epoch: 4 [57500/60000 (96%)]	Loss: 0.067640

Test set: Average loss: 0.0280, Accuracy: 9903/10000 (99%)

Train Epoch: 5 [0/60000 (0%)]	Loss: 0.045881
Train Epoch: 5 [2500/60000 (4%)]	Loss: 0.028837
Train Epoch: 5 [5000/60000 (8%)]	Loss: 0.044162
Train Epoch: 5 [7500/60000 (12%)]	Loss: 0.026970
Train Epoch: 5 [10000/60000 (17%)]	Loss: 0.022750
Train Epoch: 5 [12500/60000 (21%)]	Loss: 0.006950
Train Epoch: 5 [15000/60000 (25%)]	Loss: 0.009577
Train Epoch: 5 [17500/60000 (29%)]	Loss: 0.020394
Train Epoch: 5 [20000/60000 (33%)]	Loss: 0.022749
Train Epoch: 5 [22500/60000 (38%)]	Loss: 0.021031
Train Epoch: 5 [25000/60000 (42%)]	Loss: 0.029376
Train Epoch: 5 [27500/60000 (46%)]	Loss: 0.043267
Train Epoch: 5 [30000/60000 (50%)]	Loss: 0.063007
Train Epoch: 5 [32500/60000 (54%)]	Loss: 0.046444
Train Epoch: 5 [35000/60000 (58%)]	Loss: 0.039215
Train Epoch: 5 [37500/60000 (62%)]	Loss: 0.033046
Train Epoch: 5 [40000/60000 (67%)]	Loss: 0.047969
Train Epoch: 5 [42500/60000 (71%)]	Loss: 0.018500
Train Epoch: 5 [45000/60000 (75%)]	Loss: 0.016421
Train Epoch: 5 [47500/60000 (79%)]	Loss: 0.036982
Train Epoch: 5 [50000/60000 (83%)]	Loss: 0.030064
Train Epoch: 5 [52500/60000 (88%)]	Loss: 0.022926
Train Epoch: 5 [55000/60000 (92%)]	Loss: 0.090036
Train Epoch: 5 [57500/60000 (96%)]	Loss: 0.030648

Test set: Average loss: 0.0272, Accuracy: 9910/10000 (99%)

Pytorch model prediction: 
	Values: [[-5.4446659e+00 -1.3486128e+01 -1.2738301e+01 -2.6289917e+01 -6.8658071e+00 -1.3250447e+01 -5.4042675e-03 -1.6948336e+01 -1.0747699e+01 -2.2081799e+01]] 
	Argmax: 6
	Target: [6]

ONNX model prediction: 
	Values: [[-5.4446659e+00 -1.3486128e+01 -1.2738301e+01 -2.6289917e+01 -6.8658071e+00 -1.3250447e+01 -5.4043857e-03 -1.6948336e+01 -1.0747699e+01 -2.2081799e+01]] 
	Argmax: 6
	Target: [6]

Non quantized TFLite model prediction: 
	Values: [[-5.4446664e+00 -1.3486127e+01 -1.2738303e+01 -2.6289917e+01 -6.8658075e+00 -1.3250447e+01 -5.4042675e-03 -1.6948336e+01 -1.0747700e+01 -2.2081799e+01]] 
	Argmax: 6
	Target: [6]

Quantized TFLite model prediction: 
	Values: [[-5.41263580e+00 -1.34380341e+01 -1.26845951e+01 -2.63081970e+01 -6.82619619e+00 -1.32817307e+01 -5.58874011e-03 -1.68994045e+01 -1.07239485e+01 -2.20167389e+01]] 
	Argmax: 6
	Target: [6]

